<?xml version="1.0" encoding="UTF-8"?>
<!-- Generated by org.testng.reporters.JUnitReportReporter -->
<testsuite skipped="0" hostname="DESKTOP-4Q7K1K5" name="GoogleSearch_Test" tests="5" failures="0" timestamp="06 Feb 2018 02:53:59 GMT" time="0.167" errors="0">
  <testcase name="verifySignin" time="0.045" classname="GoogleSearch_Test"/>
  <testcase name="verifyTitle" time="0.008" classname="GoogleSearch_Test"/>
  <testcase name="loadTimeCheck" time="0.053" classname="GoogleSearch_Test"/>
  <testcase name="verifySearchKeyword" time="0.023" classname="GoogleSearch_Test"/>
  <testcase name="verifyGoogleAppsLink" time="0.038" classname="GoogleSearch_Test"/>
</testsuite> <!-- GoogleSearch_Test -->
