<?xml version="1.0" encoding="UTF-8"?>
<!-- Generated by org.testng.reporters.JUnitReportReporter -->
<testsuite skipped="0" hostname="DESKTOP-4Q7K1K5" name="GoogleSignUp_Test" tests="6" failures="0" timestamp="06 Feb 2018 00:27:47 GMT" time="5.904" errors="0">
  <testcase name="verifySignUpSubmit" time="0.177" classname="GoogleSignUp_Test"/>
  <testcase name="verifyAgreeTOS" time="0.865" classname="GoogleSignUp_Test"/>
  <testcase name="verifyConfirmationPhone" time="0.025" classname="GoogleSignUp_Test"/>
  <testcase name="verifyTOS" time="0.850" classname="GoogleSignUp_Test"/>
  <testcase name="verifyCancelTOS" time="0.119" classname="GoogleSignUp_Test"/>
  <testcase name="verifySignUpPage" time="3.868" classname="GoogleSignUp_Test"/>
</testsuite> <!-- GoogleSignUp_Test -->
