<?xml version="1.0" encoding="UTF-8"?>
<!-- Generated by org.testng.reporters.JUnitReportReporter -->
<testsuite skipped="0" hostname="DESKTOP-4Q7K1K5" name="GoogleSearch_Test" tests="2" failures="0" timestamp="05 Feb 2018 18:47:05 GMT" time="0.124" errors="0">
  <testcase name="loadTimeCheck" time="0.106" classname="GoogleSearch_Test"/>
  <testcase name="verifyTitle" time="0.018" classname="GoogleSearch_Test"/>
</testsuite> <!-- GoogleSearch_Test -->
