<?xml version="1.0" encoding="UTF-8"?>
<!-- Generated by org.testng.reporters.JUnitReportReporter -->
<testsuite skipped="0" hostname="DESKTOP-4Q7K1K5" name="GoogleSignUp_Test" tests="6" failures="0" timestamp="06 Feb 2018 02:53:59 GMT" time="5.376" errors="0">
  <testcase name="verifyCancelTOS" time="0.073" classname="GoogleSignUp_Test"/>
  <testcase name="verifySignUpSubmit" time="0.175" classname="GoogleSignUp_Test"/>
  <testcase name="verifySignUpPage" time="3.648" classname="GoogleSignUp_Test"/>
  <testcase name="verifyAgreeTOS" time="0.668" classname="GoogleSignUp_Test"/>
  <testcase name="verifyTOS" time="0.789" classname="GoogleSignUp_Test"/>
  <testcase name="verifyConfirmationPhone" time="0.023" classname="GoogleSignUp_Test"/>
</testsuite> <!-- GoogleSignUp_Test -->
