<?xml version="1.0" encoding="UTF-8"?>
<!-- Generated by org.testng.reporters.JUnitReportReporter -->
<testsuite skipped="0" hostname="DESKTOP-4Q7K1K5" name="Gibberish_Test" tests="1" failures="0" timestamp="06 Feb 2018 02:53:59 GMT" time="0.096" errors="0">
  <testcase name="checkGibberish" time="0.096" classname="Gibberish_Test"/>
</testsuite> <!-- Gibberish_Test -->
